2025-12-17 11:51:14,454 - app.main - INFO - ============================================================
2025-12-17 11:51:14,454 - app.main - INFO - Caffeine API started
2025-12-17 11:51:14,455 - app.main - INFO - Environment: development
2025-12-17 11:51:14,456 - app.main - INFO - CORS Allowed Origins: ['http://localhost:3000', 'http://localhost:3001', 'http://localhost:8081', 'http://localhost:8082', 'http://localhost:8080', 'http://localhost:19000', 'http://localhost:19006', 'https://d26uyg5darllja.cloudfront.net']
2025-12-17 11:51:15,805 - app.routers.ml - INFO - XGBoost model loaded: model_xgboost_acc_73.47.joblib
2025-12-17 11:51:15,991 - apscheduler.scheduler - INFO - Adding job tentatively -- it will be properly scheduled when the scheduler starts
2025-12-17 11:51:15,994 - apscheduler.scheduler - INFO - Adding job tentatively -- it will be properly scheduled when the scheduler starts
2025-12-17 11:51:15,995 - apscheduler.scheduler - INFO - Added job "Send Weekly Report" to job store "default"
2025-12-17 11:51:15,995 - apscheduler.scheduler - INFO - Added job "Send Monthly Report" to job store "default"
2025-12-17 11:51:15,995 - apscheduler.scheduler - INFO - Scheduler started
2025-12-17 11:51:15,995 - app.services.scheduler - INFO - ============================================================
2025-12-17 11:51:15,995 - app.services.scheduler - INFO - Scheduler started
2025-12-17 11:51:15,995 - app.services.scheduler - INFO -   - Weekly Report: Every Monday 09:00
2025-12-17 11:51:15,995 - app.services.scheduler - INFO -   - Monthly Report: Every 1st day of month 09:00
2025-12-17 11:51:15,997 - app.services.scheduler - INFO - ============================================================
2025-12-17 11:52:12,607 - audit - INFO - Request: GET /health | Client: 127.0.0.1
2025-12-17 11:52:12,612 - audit - INFO - Response: 200 | Duration: 0.005s
2025-12-17 12:01:11,856 - app.services.scheduler - INFO - Scheduler stopped
2025-12-17 12:01:11,856 - app.main - INFO - Caffeine API stopped
2025-12-17 12:01:11,856 - app.main - INFO - ============================================================
2025-12-17 12:01:11,856 - apscheduler.scheduler - INFO - Scheduler has been shut down
2025-12-17 12:01:14,693 - app.main - INFO - ============================================================
2025-12-17 12:01:14,693 - app.main - INFO - Caffeine API started
2025-12-17 12:01:14,693 - app.main - INFO - Environment: development
2025-12-17 12:01:14,694 - app.main - INFO - CORS Allowed Origins: ['http://localhost:3000', 'http://localhost:3001', 'http://localhost:8081', 'http://localhost:8082', 'http://localhost:8080', 'http://localhost:19000', 'http://localhost:19006', 'https://d26uyg5darllja.cloudfront.net']
2025-12-17 12:01:16,010 - app.routers.ml - INFO - XGBoost model loaded: model_xgboost_acc_73.47.joblib
2025-12-17 12:01:16,160 - apscheduler.scheduler - INFO - Adding job tentatively -- it will be properly scheduled when the scheduler starts
2025-12-17 12:01:16,160 - apscheduler.scheduler - INFO - Adding job tentatively -- it will be properly scheduled when the scheduler starts
2025-12-17 12:01:16,162 - apscheduler.scheduler - INFO - Added job "Send Weekly Report" to job store "default"
2025-12-17 12:01:16,162 - apscheduler.scheduler - INFO - Added job "Send Monthly Report" to job store "default"
2025-12-17 12:01:16,163 - apscheduler.scheduler - INFO - Scheduler started
2025-12-17 12:01:16,163 - app.services.scheduler - INFO - ============================================================
2025-12-17 12:01:16,163 - app.services.scheduler - INFO - Scheduler started
2025-12-17 12:01:16,163 - app.services.scheduler - INFO -   - Weekly Report: Every Monday 09:00
2025-12-17 12:01:16,163 - app.services.scheduler - INFO -   - Monthly Report: Every 1st day of month 09:00
2025-12-17 12:01:16,163 - app.services.scheduler - INFO - ============================================================
2025-12-17 12:01:16,771 - app.services.scheduler - INFO - Scheduler stopped
2025-12-17 12:01:16,772 - app.main - INFO - Caffeine API stopped
2025-12-17 12:01:16,772 - app.main - INFO - ============================================================
2025-12-17 12:01:16,783 - apscheduler.scheduler - INFO - Scheduler has been shut down
2025-12-17 12:01:18,870 - app.main - INFO - ============================================================
2025-12-17 12:01:18,870 - app.main - INFO - Caffeine API started
2025-12-17 12:01:18,870 - app.main - INFO - Environment: development
2025-12-17 12:01:18,870 - app.main - INFO - CORS Allowed Origins: ['http://localhost:3000', 'http://localhost:3001', 'http://localhost:8001', 'http://localhost:8082', 'http://localhost:8080', 'http://localhost:19000', 'http://localhost:19006', 'https://d26uyg5darllja.cloudfront.net']
2025-12-17 12:01:19,828 - app.routers.ml - INFO - XGBoost model loaded: model_xgboost_acc_73.47.joblib
2025-12-17 12:01:19,972 - apscheduler.scheduler - INFO - Adding job tentatively -- it will be properly scheduled when the scheduler starts
2025-12-17 12:01:19,972 - apscheduler.scheduler - INFO - Adding job tentatively -- it will be properly scheduled when the scheduler starts
2025-12-17 12:01:19,974 - apscheduler.scheduler - INFO - Added job "Send Weekly Report" to job store "default"
2025-12-17 12:01:19,974 - apscheduler.scheduler - INFO - Added job "Send Monthly Report" to job store "default"
2025-12-17 12:01:19,974 - apscheduler.scheduler - INFO - Scheduler started
2025-12-17 12:01:19,975 - app.services.scheduler - INFO - ============================================================
2025-12-17 12:01:19,975 - app.services.scheduler - INFO - Scheduler started
2025-12-17 12:01:19,975 - app.services.scheduler - INFO -   - Weekly Report: Every Monday 09:00
2025-12-17 12:01:19,975 - app.services.scheduler - INFO -   - Monthly Report: Every 1st day of month 09:00
2025-12-17 12:01:19,975 - app.services.scheduler - INFO - ============================================================
2025-12-17 12:03:19,541 - app.services.scheduler - INFO - Scheduler stopped
2025-12-17 12:03:19,542 - app.main - INFO - Caffeine API stopped
2025-12-17 12:03:19,542 - app.main - INFO - ============================================================
2025-12-17 12:03:19,542 - apscheduler.scheduler - INFO - Scheduler has been shut down
2025-12-17 12:04:46,010 - app.main - INFO - ============================================================
2025-12-17 12:04:46,010 - app.main - INFO - Caffeine API started
2025-12-17 12:04:46,010 - app.main - INFO - Environment: development
2025-12-17 12:04:46,010 - app.main - INFO - CORS Allowed Origins: ['http://localhost:3000', 'http://localhost:3001', 'http://localhost:8001', 'http://localhost:8082', 'http://localhost:8080', 'http://localhost:19000', 'http://localhost:19006', 'https://d26uyg5darllja.cloudfront.net']
2025-12-17 12:04:46,893 - app.routers.ml - INFO - XGBoost model loaded: model_xgboost_acc_73.47.joblib
2025-12-17 12:04:47,032 - apscheduler.scheduler - INFO - Adding job tentatively -- it will be properly scheduled when the scheduler starts
2025-12-17 12:04:47,032 - apscheduler.scheduler - INFO - Adding job tentatively -- it will be properly scheduled when the scheduler starts
2025-12-17 12:04:47,033 - apscheduler.scheduler - INFO - Added job "Send Weekly Report" to job store "default"
2025-12-17 12:04:47,033 - apscheduler.scheduler - INFO - Added job "Send Monthly Report" to job store "default"
2025-12-17 12:04:47,033 - apscheduler.scheduler - INFO - Scheduler started
2025-12-17 12:04:47,033 - app.services.scheduler - INFO - ============================================================
2025-12-17 12:04:47,033 - app.services.scheduler - INFO - Scheduler started
2025-12-17 12:04:47,033 - app.services.scheduler - INFO -   - Weekly Report: Every Monday 09:00
2025-12-17 12:04:47,033 - app.services.scheduler - INFO -   - Monthly Report: Every 1st day of month 09:00
2025-12-17 12:04:47,033 - app.services.scheduler - INFO - ============================================================
2025-12-17 12:05:15,619 - audit - INFO - Request: GET /health | Client: 127.0.0.1
2025-12-17 12:05:15,625 - audit - INFO - Response: 200 | Duration: 0.005s
2025-12-17 12:14:37,899 - audit - INFO - Request: GET /api/analysis/full | Client: 127.0.0.1
2025-12-17 12:14:37,902 - app.db.database - INFO - Connecting to AWS RDS: caffeine-database.c58og6ke6t36.ap-northeast-2.rds.amazonaws.com
2025-12-17 12:14:38,153 - app.db.database - INFO - Connected to AWS RDS: caffeine-database.c58og6ke6t36.ap-northeast-2.rds.amazonaws.com
2025-12-17 12:14:38,303 - audit - INFO - Response: 200 | Duration: 0.404s
2025-12-17 12:14:38,306 - audit - INFO - Request: GET /api/analysis/full | Client: 127.0.0.1
2025-12-17 12:14:38,589 - audit - INFO - Response: 200 | Duration: 0.283s
2025-12-17 12:14:38,590 - audit - INFO - Request: GET /api/analysis/full | Client: 127.0.0.1
2025-12-17 12:14:38,653 - audit - INFO - Response: 200 | Duration: 0.063s
2025-12-17 12:14:45,436 - audit - INFO - Request: POST /users/login | Client: 127.0.0.1
2025-12-17 12:14:45,505 - passlib.handlers.bcrypt - WARNING - (trapped) error reading bcrypt version
Traceback (most recent call last):
  File "C:\Users\Jinwoo\AppData\Local\Programs\Python\Python311\Lib\site-packages\passlib\handlers\bcrypt.py", line 620, in _load_backend_mixin
    version = _bcrypt.__about__.__version__
              ^^^^^^^^^^^^^^^^^
AttributeError: module 'bcrypt' has no attribute '__about__'
2025-12-17 12:14:46,063 - audit - INFO - Response: 200 | Duration: 0.626s
2025-12-17 12:14:46,070 - audit - INFO - Request: OPTIONS /users/me | Client: 127.0.0.1
2025-12-17 12:14:46,074 - audit - INFO - Response: 200 | Duration: 0.004s
2025-12-17 12:14:46,081 - audit - INFO - Request: GET /users/me | Client: 127.0.0.1
2025-12-17 12:14:46,194 - audit - INFO - Response: 200 | Duration: 0.113s
2025-12-17 12:14:46,356 - audit - INFO - Request: OPTIONS /api/analysis/full | Client: 127.0.0.1
2025-12-17 12:14:46,358 - audit - INFO - Response: 200 | Duration: 0.002s
2025-12-17 12:14:46,360 - audit - INFO - Request: OPTIONS /api/analysis/full | Client: 127.0.0.1
2025-12-17 12:14:46,361 - audit - INFO - Response: 200 | Duration: 0.001s
2025-12-17 12:14:46,365 - audit - INFO - Request: GET /api/analysis/full | Client: 127.0.0.1
2025-12-17 12:14:46,449 - audit - INFO - Response: 200 | Duration: 0.085s
2025-12-17 12:14:46,453 - audit - INFO - Request: GET /api/analysis/full | Client: 127.0.0.1
2025-12-17 12:14:46,582 - audit - INFO - Response: 200 | Duration: 0.130s
2025-12-17 12:14:51,153 - audit - INFO - Request: OPTIONS /api/admin/settings | Client: 127.0.0.1
2025-12-17 12:14:51,157 - audit - INFO - Request: OPTIONS /api/admin/settings | Client: 127.0.0.1
2025-12-17 12:14:51,159 - audit - INFO - Response: 200 | Duration: 0.007s
2025-12-17 12:14:51,168 - audit - INFO - Response: 200 | Duration: 0.010s
2025-12-17 12:14:51,172 - audit - INFO - Request: GET /api/admin/settings | Client: 127.0.0.1
2025-12-17 12:14:51,272 - audit - INFO - Response: 200 | Duration: 0.101s
2025-12-17 12:14:51,276 - audit - INFO - Request: GET /api/admin/settings | Client: 127.0.0.1
2025-12-17 12:14:51,349 - audit - INFO - Response: 200 | Duration: 0.073s
2025-12-17 12:14:54,037 - audit - INFO - Request: OPTIONS /api/admin/reports/send-monthly | Client: 127.0.0.1
2025-12-17 12:14:54,041 - audit - INFO - Response: 200 | Duration: 0.004s
2025-12-17 12:14:54,046 - audit - INFO - Request: POST /api/admin/reports/send-monthly | Client: 127.0.0.1
2025-12-17 12:14:54,082 - app.routers.reports - INFO - Manual monthly report requested (User: admin@caffeine.com)
2025-12-17 12:14:58,929 - app.services.email_service - INFO - Report email sent successfully: ygomania@naver.com
2025-12-17 12:14:58,929 - app.routers.reports - INFO - Monthly report processing completed: Email sent to ygomania@naver.com.
2025-12-17 12:14:58,932 - audit - INFO - Response: 200 | Duration: 4.887s
2025-12-17 12:15:06,560 - app.services.scheduler - INFO - Scheduler stopped
2025-12-17 12:15:06,561 - app.main - INFO - Caffeine API stopped
2025-12-17 12:15:06,561 - app.main - INFO - ============================================================
2025-12-17 12:15:06,562 - apscheduler.scheduler - INFO - Scheduler has been shut down
